********************************************************************************
DUPLICATOR-LITE PACKAGE-LOG: January 25, 2020 10:18 am
NOTICE: Do NOT post to public sites or forums 
********************************************************************************
VERSION:	1.3.12
WORDPRESS:	5.2
PHP INFO:	7.3.7 | SAPI: apache2handler
SERVER:		Apache/2.2.34 (Unix) mod_wsgi/3.5 Python/2.7.13 PHP/7.3.7 mod_ssl/2.2.34 OpenSSL/1.0.2o DAV/2 mod_fastcgi/mod_fastcgi-SNAP-0910052141 mod_perl/2.0.10 Perl/v5.24.0 
PHP TIME LIMIT: (0) no time limit imposed 
PHP MAX MEMORY: 4294967296 (1536M default) 
MEMORY STACK: 6MB 

********************************************************************************
DATABASE:
********************************************************************************
BUILD MODE:   PHP(query limit - 100)
MYSQLTIMEOUT: 5000
MYSQLDUMP:    Not Supported 
TABLES: total:19 | filtered:0 | create:19 
FILTERED: [] 
SQL CREATED: wp_configuration_exercise_6ff9ad4ad6a091b11708_20200125101801_database.sql 
SQL FILE SIZE: 1.02MB (1070019) 
SQL FILE TIME: 2020-01-25 10:18:13 
SQL RUNTIME: 1.73 sec. 

******************************************************************************** 
ARCHIVE (ZIP): 
******************************************************************************** 
ARCHIVE DIR:  /Applications/MAMP/htdocs/study/langara_college/Term2/CMS/W3/wp-configuration-exercise 
ARCHIVE FILE: wp_configuration_exercise_6ff9ad4ad6a091b11708_20200125101801_archive.zip 
FILTERS: *OFF* 
DIRS:
	not set 
FILES:
	not set 
EXTS:  not set 
---------------------------------------- 
COMPRESSING 
SIZE:	66.19MB 
STATS:	Dirs 281 | Files 2,476 
SQL ADDED: wp_configuration_exercise_6ff9ad4ad6a091b11708_20200125101801_database.sql 
ZipArchive Object
(
    [status] => 0
    [statusSys] => 0
    [numFiles] => 2757
    [filename] => /Applications/MAMP/htdocs/study/langara_college/Term2/CMS/W3/wp-configuration-exercise/wp-snapshots/tmp/wp_configuration_exercise_6ff9ad4ad6a091b11708_20200125101801_archive.zip
    [comment] => 
)
 
FILE ADDED TO ZIP: 2756 
COMPRESSION RESULT: '1' 
COMPRESSED SIZE: 32.85MB 
ARCHIVE RUNTIME: 16.35 sec. 
MEMORY STACK: 74MB 
building installer 
add_extra_files1 
add_extra_files2 
add_extra_files3 
add_extra_files4 
Doing archive file check 
add_extra_files5 
add_extra_files6 
add_extra_files8 
Successfully opened zip /Applications/MAMP/htdocs/study/langara_college/Term2/CMS/W3/wp-configuration-exercise/wp-snapshots/tmp/wp_configuration_exercise_6ff9ad4ad6a091b11708_20200125101801_archive.zip 
Adding enhanced installer files to archive using ZipArchive 
Installer files added to archive 
Added to archive 
After ziparchive close when adding installer 

******************************************************************************** 
INTEGRITY CHECKS: 
******************************************************************************** 
SQL FILE: 1.02MB 
INSTALLER FILE: 210.89KB 
ARCHIVE FILE: 34.06MB  
EXPECTED FILE/DIRECTORY COUNT: 2,757 
ACTUAL FILE/DIRECTORY COUNT: 2,756 
ARCHIVE CONSISTENCY TEST: Pass 

********************************************************************************
RECORD ID:[5]
TOTAL PROCESS RUNTIME: 22.21 sec.
PEAK PHP MEMORY USED: 76MB
DONE PROCESSING => wp_configuration_exercise January 25, 2020 10:18 am
 
